0 info it worked if it ends with ok
1 verbose cli [ '/usr/local/bin/node', '/usr/local/bin/npm', 'install' ]
2 info using npm@4.1.2
3 info using node@v7.7.3
4 silly loadCurrentTree Starting
5 silly install loadCurrentTree
6 silly install readLocalPackageData
7 silly install normalizeTree
8 silly loadCurrentTree Finishing
9 silly loadIdealTree Starting
10 silly install loadIdealTree
11 silly cloneCurrentTree Starting
12 silly install cloneCurrentTreeToIdealTree
13 silly cloneCurrentTree Finishing
14 silly loadShrinkwrap Starting
15 silly install loadShrinkwrap
16 silly loadShrinkwrap Finishing
17 silly loadAllDepsIntoIdealTree Starting
18 silly install loadAllDepsIntoIdealTree
19 silly fetchNamedPackageData Microsoft.AspNet.IISPlatformHandler
20 silly mapToRegistry name Microsoft.AspNet.IISPlatformHandler
21 silly mapToRegistry using default registry
22 silly mapToRegistry registry https://registry.npmjs.org/
23 silly mapToRegistry data Result {
23 silly mapToRegistry   raw: 'Microsoft.AspNet.IISPlatformHandler',
23 silly mapToRegistry   scope: null,
23 silly mapToRegistry   escapedName: 'Microsoft.AspNet.IISPlatformHandler',
23 silly mapToRegistry   name: 'Microsoft.AspNet.IISPlatformHandler',
23 silly mapToRegistry   rawSpec: '',
23 silly mapToRegistry   spec: 'latest',
23 silly mapToRegistry   type: 'tag' }
24 silly mapToRegistry uri https://registry.npmjs.org/Microsoft.AspNet.IISPlatformHandler
25 silly fetchNamedPackageData Microsoft.AspNet.Mvc
26 silly mapToRegistry name Microsoft.AspNet.Mvc
27 silly mapToRegistry using default registry
28 silly mapToRegistry registry https://registry.npmjs.org/
29 silly mapToRegistry data Result {
29 silly mapToRegistry   raw: 'Microsoft.AspNet.Mvc',
29 silly mapToRegistry   scope: null,
29 silly mapToRegistry   escapedName: 'Microsoft.AspNet.Mvc',
29 silly mapToRegistry   name: 'Microsoft.AspNet.Mvc',
29 silly mapToRegistry   rawSpec: '',
29 silly mapToRegistry   spec: 'latest',
29 silly mapToRegistry   type: 'tag' }
30 silly mapToRegistry uri https://registry.npmjs.org/Microsoft.AspNet.Mvc
31 silly fetchNamedPackageData Microsoft.AspNet.Server.Kestrel
32 silly mapToRegistry name Microsoft.AspNet.Server.Kestrel
33 silly mapToRegistry using default registry
34 silly mapToRegistry registry https://registry.npmjs.org/
35 silly mapToRegistry data Result {
35 silly mapToRegistry   raw: 'Microsoft.AspNet.Server.Kestrel',
35 silly mapToRegistry   scope: null,
35 silly mapToRegistry   escapedName: 'Microsoft.AspNet.Server.Kestrel',
35 silly mapToRegistry   name: 'Microsoft.AspNet.Server.Kestrel',
35 silly mapToRegistry   rawSpec: '',
35 silly mapToRegistry   spec: 'latest',
35 silly mapToRegistry   type: 'tag' }
36 silly mapToRegistry uri https://registry.npmjs.org/Microsoft.AspNet.Server.Kestrel
37 silly fetchNamedPackageData Microsoft.AspNet.StaticFiles
38 silly mapToRegistry name Microsoft.AspNet.StaticFiles
39 silly mapToRegistry using default registry
40 silly mapToRegistry registry https://registry.npmjs.org/
41 silly mapToRegistry data Result {
41 silly mapToRegistry   raw: 'Microsoft.AspNet.StaticFiles',
41 silly mapToRegistry   scope: null,
41 silly mapToRegistry   escapedName: 'Microsoft.AspNet.StaticFiles',
41 silly mapToRegistry   name: 'Microsoft.AspNet.StaticFiles',
41 silly mapToRegistry   rawSpec: '',
41 silly mapToRegistry   spec: 'latest',
41 silly mapToRegistry   type: 'tag' }
42 silly mapToRegistry uri https://registry.npmjs.org/Microsoft.AspNet.StaticFiles
43 silly fetchNamedPackageData Microsoft.Extensions.Configuration.FileProviderExtensions
44 silly mapToRegistry name Microsoft.Extensions.Configuration.FileProviderExtensions
45 silly mapToRegistry using default registry
46 silly mapToRegistry registry https://registry.npmjs.org/
47 silly mapToRegistry data Result {
47 silly mapToRegistry   raw: 'Microsoft.Extensions.Configuration.FileProviderExtensions',
47 silly mapToRegistry   scope: null,
47 silly mapToRegistry   escapedName: 'Microsoft.Extensions.Configuration.FileProviderExtensions',
47 silly mapToRegistry   name: 'Microsoft.Extensions.Configuration.FileProviderExtensions',
47 silly mapToRegistry   rawSpec: '',
47 silly mapToRegistry   spec: 'latest',
47 silly mapToRegistry   type: 'tag' }
48 silly mapToRegistry uri https://registry.npmjs.org/Microsoft.Extensions.Configuration.FileProviderExtensions
49 silly fetchNamedPackageData Microsoft.Extensions.Configuration.Json
50 silly mapToRegistry name Microsoft.Extensions.Configuration.Json
51 silly mapToRegistry using default registry
52 silly mapToRegistry registry https://registry.npmjs.org/
53 silly mapToRegistry data Result {
53 silly mapToRegistry   raw: 'Microsoft.Extensions.Configuration.Json',
53 silly mapToRegistry   scope: null,
53 silly mapToRegistry   escapedName: 'Microsoft.Extensions.Configuration.Json',
53 silly mapToRegistry   name: 'Microsoft.Extensions.Configuration.Json',
53 silly mapToRegistry   rawSpec: '',
53 silly mapToRegistry   spec: 'latest',
53 silly mapToRegistry   type: 'tag' }
54 silly mapToRegistry uri https://registry.npmjs.org/Microsoft.Extensions.Configuration.Json
55 silly fetchNamedPackageData Microsoft.Extensions.Logging
56 silly mapToRegistry name Microsoft.Extensions.Logging
57 silly mapToRegistry using default registry
58 silly mapToRegistry registry https://registry.npmjs.org/
59 silly mapToRegistry data Result {
59 silly mapToRegistry   raw: 'Microsoft.Extensions.Logging',
59 silly mapToRegistry   scope: null,
59 silly mapToRegistry   escapedName: 'Microsoft.Extensions.Logging',
59 silly mapToRegistry   name: 'Microsoft.Extensions.Logging',
59 silly mapToRegistry   rawSpec: '',
59 silly mapToRegistry   spec: 'latest',
59 silly mapToRegistry   type: 'tag' }
60 silly mapToRegistry uri https://registry.npmjs.org/Microsoft.Extensions.Logging
61 silly fetchNamedPackageData Microsoft.Extensions.Logging.Console
62 silly mapToRegistry name Microsoft.Extensions.Logging.Console
63 silly mapToRegistry using default registry
64 silly mapToRegistry registry https://registry.npmjs.org/
65 silly mapToRegistry data Result {
65 silly mapToRegistry   raw: 'Microsoft.Extensions.Logging.Console',
65 silly mapToRegistry   scope: null,
65 silly mapToRegistry   escapedName: 'Microsoft.Extensions.Logging.Console',
65 silly mapToRegistry   name: 'Microsoft.Extensions.Logging.Console',
65 silly mapToRegistry   rawSpec: '',
65 silly mapToRegistry   spec: 'latest',
65 silly mapToRegistry   type: 'tag' }
66 silly mapToRegistry uri https://registry.npmjs.org/Microsoft.Extensions.Logging.Console
67 silly fetchNamedPackageData Microsoft.Extensions.Logging.Debug
68 silly mapToRegistry name Microsoft.Extensions.Logging.Debug
69 silly mapToRegistry using default registry
70 silly mapToRegistry registry https://registry.npmjs.org/
71 silly mapToRegistry data Result {
71 silly mapToRegistry   raw: 'Microsoft.Extensions.Logging.Debug',
71 silly mapToRegistry   scope: null,
71 silly mapToRegistry   escapedName: 'Microsoft.Extensions.Logging.Debug',
71 silly mapToRegistry   name: 'Microsoft.Extensions.Logging.Debug',
71 silly mapToRegistry   rawSpec: '',
71 silly mapToRegistry   spec: 'latest',
71 silly mapToRegistry   type: 'tag' }
72 silly mapToRegistry uri https://registry.npmjs.org/Microsoft.Extensions.Logging.Debug
73 silly fetchNamedPackageData Microsoft.AspNet.Authorization
74 silly mapToRegistry name Microsoft.AspNet.Authorization
75 silly mapToRegistry using default registry
76 silly mapToRegistry registry https://registry.npmjs.org/
77 silly mapToRegistry data Result {
77 silly mapToRegistry   raw: 'Microsoft.AspNet.Authorization',
77 silly mapToRegistry   scope: null,
77 silly mapToRegistry   escapedName: 'Microsoft.AspNet.Authorization',
77 silly mapToRegistry   name: 'Microsoft.AspNet.Authorization',
77 silly mapToRegistry   rawSpec: '',
77 silly mapToRegistry   spec: 'latest',
77 silly mapToRegistry   type: 'tag' }
78 silly mapToRegistry uri https://registry.npmjs.org/Microsoft.AspNet.Authorization
79 silly fetchNamedPackageData Microsoft.AspNet.Authentication.JwtBearer
80 silly mapToRegistry name Microsoft.AspNet.Authentication.JwtBearer
81 silly mapToRegistry using default registry
82 silly mapToRegistry registry https://registry.npmjs.org/
83 silly mapToRegistry data Result {
83 silly mapToRegistry   raw: 'Microsoft.AspNet.Authentication.JwtBearer',
83 silly mapToRegistry   scope: null,
83 silly mapToRegistry   escapedName: 'Microsoft.AspNet.Authentication.JwtBearer',
83 silly mapToRegistry   name: 'Microsoft.AspNet.Authentication.JwtBearer',
83 silly mapToRegistry   rawSpec: '',
83 silly mapToRegistry   spec: 'latest',
83 silly mapToRegistry   type: 'tag' }
84 silly mapToRegistry uri https://registry.npmjs.org/Microsoft.AspNet.Authentication.JwtBearer
85 silly fetchNamedPackageData Microsoft.AspNet.Cors
86 silly mapToRegistry name Microsoft.AspNet.Cors
87 silly mapToRegistry using default registry
88 silly mapToRegistry registry https://registry.npmjs.org/
89 silly mapToRegistry data Result {
89 silly mapToRegistry   raw: 'Microsoft.AspNet.Cors',
89 silly mapToRegistry   scope: null,
89 silly mapToRegistry   escapedName: 'Microsoft.AspNet.Cors',
89 silly mapToRegistry   name: 'Microsoft.AspNet.Cors',
89 silly mapToRegistry   rawSpec: '',
89 silly mapToRegistry   spec: 'latest',
89 silly mapToRegistry   type: 'tag' }
90 silly mapToRegistry uri https://registry.npmjs.org/Microsoft.AspNet.Cors
91 silly fetchNamedPackageData Microsoft.AspNet.Diagnostics
92 silly mapToRegistry name Microsoft.AspNet.Diagnostics
93 silly mapToRegistry using default registry
94 silly mapToRegistry registry https://registry.npmjs.org/
95 silly mapToRegistry data Result {
95 silly mapToRegistry   raw: 'Microsoft.AspNet.Diagnostics',
95 silly mapToRegistry   scope: null,
95 silly mapToRegistry   escapedName: 'Microsoft.AspNet.Diagnostics',
95 silly mapToRegistry   name: 'Microsoft.AspNet.Diagnostics',
95 silly mapToRegistry   rawSpec: '',
95 silly mapToRegistry   spec: 'latest',
95 silly mapToRegistry   type: 'tag' }
96 silly mapToRegistry uri https://registry.npmjs.org/Microsoft.AspNet.Diagnostics
97 silly fetchNamedPackageData IdentityServer4.AccessTokenValidation
98 silly mapToRegistry name IdentityServer4.AccessTokenValidation
99 silly mapToRegistry using default registry
100 silly mapToRegistry registry https://registry.npmjs.org/
101 silly mapToRegistry data Result {
101 silly mapToRegistry   raw: 'IdentityServer4.AccessTokenValidation',
101 silly mapToRegistry   scope: null,
101 silly mapToRegistry   escapedName: 'IdentityServer4.AccessTokenValidation',
101 silly mapToRegistry   name: 'IdentityServer4.AccessTokenValidation',
101 silly mapToRegistry   rawSpec: '',
101 silly mapToRegistry   spec: 'latest',
101 silly mapToRegistry   type: 'tag' }
102 silly mapToRegistry uri https://registry.npmjs.org/IdentityServer4.AccessTokenValidation
103 verbose request uri https://registry.npmjs.org/Microsoft.AspNet.IISPlatformHandler
104 verbose request no auth needed
105 info attempt registry request try #1 at 5:28:24 PM
106 verbose request id b2516878d2e2c0a0
107 http request GET https://registry.npmjs.org/Microsoft.AspNet.IISPlatformHandler
108 verbose request uri https://registry.npmjs.org/Microsoft.AspNet.Mvc
109 verbose request no auth needed
110 info attempt registry request try #1 at 5:28:24 PM
111 http request GET https://registry.npmjs.org/Microsoft.AspNet.Mvc
112 verbose request uri https://registry.npmjs.org/Microsoft.AspNet.Server.Kestrel
113 verbose request no auth needed
114 info attempt registry request try #1 at 5:28:24 PM
115 http request GET https://registry.npmjs.org/Microsoft.AspNet.Server.Kestrel
116 verbose request uri https://registry.npmjs.org/Microsoft.AspNet.StaticFiles
117 verbose request no auth needed
118 info attempt registry request try #1 at 5:28:24 PM
119 http request GET https://registry.npmjs.org/Microsoft.AspNet.StaticFiles
120 verbose request uri https://registry.npmjs.org/Microsoft.Extensions.Configuration.FileProviderExtensions
121 verbose request no auth needed
122 info attempt registry request try #1 at 5:28:24 PM
123 http request GET https://registry.npmjs.org/Microsoft.Extensions.Configuration.FileProviderExtensions
124 verbose request uri https://registry.npmjs.org/Microsoft.Extensions.Configuration.Json
125 verbose request no auth needed
126 info attempt registry request try #1 at 5:28:24 PM
127 http request GET https://registry.npmjs.org/Microsoft.Extensions.Configuration.Json
128 verbose request uri https://registry.npmjs.org/Microsoft.Extensions.Logging
129 verbose request no auth needed
130 info attempt registry request try #1 at 5:28:24 PM
131 http request GET https://registry.npmjs.org/Microsoft.Extensions.Logging
132 verbose request uri https://registry.npmjs.org/Microsoft.Extensions.Logging.Console
133 verbose request no auth needed
134 info attempt registry request try #1 at 5:28:24 PM
135 http request GET https://registry.npmjs.org/Microsoft.Extensions.Logging.Console
136 verbose request uri https://registry.npmjs.org/Microsoft.Extensions.Logging.Debug
137 verbose request no auth needed
138 info attempt registry request try #1 at 5:28:24 PM
139 http request GET https://registry.npmjs.org/Microsoft.Extensions.Logging.Debug
140 verbose request uri https://registry.npmjs.org/Microsoft.AspNet.Authorization
141 verbose request no auth needed
142 info attempt registry request try #1 at 5:28:24 PM
143 http request GET https://registry.npmjs.org/Microsoft.AspNet.Authorization
144 verbose request uri https://registry.npmjs.org/Microsoft.AspNet.Authentication.JwtBearer
145 verbose request no auth needed
146 info attempt registry request try #1 at 5:28:24 PM
147 http request GET https://registry.npmjs.org/Microsoft.AspNet.Authentication.JwtBearer
148 verbose request uri https://registry.npmjs.org/Microsoft.AspNet.Cors
149 verbose request no auth needed
150 info attempt registry request try #1 at 5:28:24 PM
151 http request GET https://registry.npmjs.org/Microsoft.AspNet.Cors
152 verbose request uri https://registry.npmjs.org/Microsoft.AspNet.Diagnostics
153 verbose request no auth needed
154 info attempt registry request try #1 at 5:28:24 PM
155 http request GET https://registry.npmjs.org/Microsoft.AspNet.Diagnostics
156 verbose request uri https://registry.npmjs.org/IdentityServer4.AccessTokenValidation
157 verbose request no auth needed
158 info attempt registry request try #1 at 5:28:24 PM
159 http request GET https://registry.npmjs.org/IdentityServer4.AccessTokenValidation
160 http 404 https://registry.npmjs.org/Microsoft.AspNet.IISPlatformHandler
161 verbose headers { 'content-type': 'application/json',
161 verbose headers   'cache-control': 'max-age=0',
161 verbose headers   'content-length': '2',
161 verbose headers   'accept-ranges': 'bytes',
161 verbose headers   date: 'Sat, 15 Apr 2017 21:28:25 GMT',
161 verbose headers   via: '1.1 varnish',
161 verbose headers   age: '0',
161 verbose headers   connection: 'keep-alive',
161 verbose headers   'x-served-by': 'cache-mia1326-MIA',
161 verbose headers   'x-cache': 'MISS',
161 verbose headers   'x-cache-hits': '0',
161 verbose headers   'x-timer': 'S1492291705.967794,VS0,VE319',
161 verbose headers   vary: 'Accept-Encoding' }
162 silly get cb [ 404,
162 silly get   { 'content-type': 'application/json',
162 silly get     'cache-control': 'max-age=0',
162 silly get     'content-length': '2',
162 silly get     'accept-ranges': 'bytes',
162 silly get     date: 'Sat, 15 Apr 2017 21:28:25 GMT',
162 silly get     via: '1.1 varnish',
162 silly get     age: '0',
162 silly get     connection: 'keep-alive',
162 silly get     'x-served-by': 'cache-mia1326-MIA',
162 silly get     'x-cache': 'MISS',
162 silly get     'x-cache-hits': '0',
162 silly get     'x-timer': 'S1492291705.967794,VS0,VE319',
162 silly get     vary: 'Accept-Encoding' } ]
163 silly fetchPackageMetaData Error: Registry returned 404 for GET on https://registry.npmjs.org/Microsoft.AspNet.IISPlatformHandler
163 silly fetchPackageMetaData     at makeError (/usr/local/lib/node_modules/npm/node_modules/npm-registry-client/lib/request.js:304:12)
163 silly fetchPackageMetaData     at CachingRegistryClient.<anonymous> (/usr/local/lib/node_modules/npm/node_modules/npm-registry-client/lib/request.js:282:14)
163 silly fetchPackageMetaData     at Request._callback (/usr/local/lib/node_modules/npm/node_modules/npm-registry-client/lib/request.js:212:14)
163 silly fetchPackageMetaData     at Request.self.callback (/usr/local/lib/node_modules/npm/node_modules/request/request.js:186:22)
163 silly fetchPackageMetaData     at emitTwo (events.js:106:13)
163 silly fetchPackageMetaData     at Request.emit (events.js:194:7)
163 silly fetchPackageMetaData     at Request.<anonymous> (/usr/local/lib/node_modules/npm/node_modules/request/request.js:1081:10)
163 silly fetchPackageMetaData     at emitOne (events.js:96:13)
163 silly fetchPackageMetaData     at Request.emit (events.js:191:7)
163 silly fetchPackageMetaData     at IncomingMessage.<anonymous> (/usr/local/lib/node_modules/npm/node_modules/request/request.js:1001:12)
163 silly fetchPackageMetaData  error for Microsoft.AspNet.IISPlatformHandler@1.0.0-rc1-final { Error: Registry returned 404 for GET on https://registry.npmjs.org/Microsoft.AspNet.IISPlatformHandler
163 silly fetchPackageMetaData     at makeError (/usr/local/lib/node_modules/npm/node_modules/npm-registry-client/lib/request.js:304:12)
163 silly fetchPackageMetaData     at CachingRegistryClient.<anonymous> (/usr/local/lib/node_modules/npm/node_modules/npm-registry-client/lib/request.js:282:14)
163 silly fetchPackageMetaData     at Request._callback (/usr/local/lib/node_modules/npm/node_modules/npm-registry-client/lib/request.js:212:14)
163 silly fetchPackageMetaData     at Request.self.callback (/usr/local/lib/node_modules/npm/node_modules/request/request.js:186:22)
163 silly fetchPackageMetaData     at emitTwo (events.js:106:13)
163 silly fetchPackageMetaData     at Request.emit (events.js:194:7)
163 silly fetchPackageMetaData     at Request.<anonymous> (/usr/local/lib/node_modules/npm/node_modules/request/request.js:1081:10)
163 silly fetchPackageMetaData     at emitOne (events.js:96:13)
163 silly fetchPackageMetaData     at Request.emit (events.js:191:7)
163 silly fetchPackageMetaData     at IncomingMessage.<anonymous> (/usr/local/lib/node_modules/npm/node_modules/request/request.js:1001:12)
163 silly fetchPackageMetaData   pkgid: 'Microsoft.AspNet.IISPlatformHandler',
163 silly fetchPackageMetaData   statusCode: 404,
163 silly fetchPackageMetaData   code: 'E404' }
164 http 404 https://registry.npmjs.org/Microsoft.AspNet.Mvc
165 verbose headers { 'content-type': 'application/json',
165 verbose headers   'cache-control': 'max-age=0',
165 verbose headers   'content-length': '2',
165 verbose headers   'accept-ranges': 'bytes',
165 verbose headers   date: 'Sat, 15 Apr 2017 21:28:25 GMT',
165 verbose headers   via: '1.1 varnish',
165 verbose headers   age: '0',
165 verbose headers   connection: 'keep-alive',
165 verbose headers   'x-served-by': 'cache-mia1323-MIA',
165 verbose headers   'x-cache': 'MISS',
165 verbose headers   'x-cache-hits': '0',
165 verbose headers   'x-timer': 'S1492291705.002738,VS0,VE321',
165 verbose headers   vary: 'Accept-Encoding' }
166 silly get cb [ 404,
166 silly get   { 'content-type': 'application/json',
166 silly get     'cache-control': 'max-age=0',
166 silly get     'content-length': '2',
166 silly get     'accept-ranges': 'bytes',
166 silly get     date: 'Sat, 15 Apr 2017 21:28:25 GMT',
166 silly get     via: '1.1 varnish',
166 silly get     age: '0',
166 silly get     connection: 'keep-alive',
166 silly get     'x-served-by': 'cache-mia1323-MIA',
166 silly get     'x-cache': 'MISS',
166 silly get     'x-cache-hits': '0',
166 silly get     'x-timer': 'S1492291705.002738,VS0,VE321',
166 silly get     vary: 'Accept-Encoding' } ]
167 silly fetchPackageMetaData Error: Registry returned 404 for GET on https://registry.npmjs.org/Microsoft.AspNet.Mvc
167 silly fetchPackageMetaData     at makeError (/usr/local/lib/node_modules/npm/node_modules/npm-registry-client/lib/request.js:304:12)
167 silly fetchPackageMetaData     at CachingRegistryClient.<anonymous> (/usr/local/lib/node_modules/npm/node_modules/npm-registry-client/lib/request.js:282:14)
167 silly fetchPackageMetaData     at Request._callback (/usr/local/lib/node_modules/npm/node_modules/npm-registry-client/lib/request.js:212:14)
167 silly fetchPackageMetaData     at Request.self.callback (/usr/local/lib/node_modules/npm/node_modules/request/request.js:186:22)
167 silly fetchPackageMetaData     at emitTwo (events.js:106:13)
167 silly fetchPackageMetaData     at Request.emit (events.js:194:7)
167 silly fetchPackageMetaData     at Request.<anonymous> (/usr/local/lib/node_modules/npm/node_modules/request/request.js:1081:10)
167 silly fetchPackageMetaData     at emitOne (events.js:96:13)
167 silly fetchPackageMetaData     at Request.emit (events.js:191:7)
167 silly fetchPackageMetaData     at IncomingMessage.<anonymous> (/usr/local/lib/node_modules/npm/node_modules/request/request.js:1001:12)
167 silly fetchPackageMetaData  error for Microsoft.AspNet.Mvc@6.0.0-rc1-final { Error: Registry returned 404 for GET on https://registry.npmjs.org/Microsoft.AspNet.Mvc
167 silly fetchPackageMetaData     at makeError (/usr/local/lib/node_modules/npm/node_modules/npm-registry-client/lib/request.js:304:12)
167 silly fetchPackageMetaData     at CachingRegistryClient.<anonymous> (/usr/local/lib/node_modules/npm/node_modules/npm-registry-client/lib/request.js:282:14)
167 silly fetchPackageMetaData     at Request._callback (/usr/local/lib/node_modules/npm/node_modules/npm-registry-client/lib/request.js:212:14)
167 silly fetchPackageMetaData     at Request.self.callback (/usr/local/lib/node_modules/npm/node_modules/request/request.js:186:22)
167 silly fetchPackageMetaData     at emitTwo (events.js:106:13)
167 silly fetchPackageMetaData     at Request.emit (events.js:194:7)
167 silly fetchPackageMetaData     at Request.<anonymous> (/usr/local/lib/node_modules/npm/node_modules/request/request.js:1081:10)
167 silly fetchPackageMetaData     at emitOne (events.js:96:13)
167 silly fetchPackageMetaData     at Request.emit (events.js:191:7)
167 silly fetchPackageMetaData     at IncomingMessage.<anonymous> (/usr/local/lib/node_modules/npm/node_modules/request/request.js:1001:12) pkgid: 'Microsoft.AspNet.Mvc', statusCode: 404, code: 'E404' }
168 http 404 https://registry.npmjs.org/Microsoft.Extensions.Configuration.Json
169 verbose headers { 'content-type': 'application/json',
169 verbose headers   'cache-control': 'max-age=0',
169 verbose headers   'content-length': '2',
169 verbose headers   'accept-ranges': 'bytes',
169 verbose headers   date: 'Sat, 15 Apr 2017 21:28:25 GMT',
169 verbose headers   via: '1.1 varnish',
169 verbose headers   age: '0',
169 verbose headers   connection: 'keep-alive',
169 verbose headers   'x-served-by': 'cache-mia1321-MIA',
169 verbose headers   'x-cache': 'MISS',
169 verbose headers   'x-cache-hits': '0',
169 verbose headers   'x-timer': 'S1492291705.946955,VS0,VE523',
169 verbose headers   vary: 'Accept-Encoding' }
170 silly get cb [ 404,
170 silly get   { 'content-type': 'application/json',
170 silly get     'cache-control': 'max-age=0',
170 silly get     'content-length': '2',
170 silly get     'accept-ranges': 'bytes',
170 silly get     date: 'Sat, 15 Apr 2017 21:28:25 GMT',
170 silly get     via: '1.1 varnish',
170 silly get     age: '0',
170 silly get     connection: 'keep-alive',
170 silly get     'x-served-by': 'cache-mia1321-MIA',
170 silly get     'x-cache': 'MISS',
170 silly get     'x-cache-hits': '0',
170 silly get     'x-timer': 'S1492291705.946955,VS0,VE523',
170 silly get     vary: 'Accept-Encoding' } ]
171 silly fetchPackageMetaData Error: Registry returned 404 for GET on https://registry.npmjs.org/Microsoft.Extensions.Configuration.Json
171 silly fetchPackageMetaData     at makeError (/usr/local/lib/node_modules/npm/node_modules/npm-registry-client/lib/request.js:304:12)
171 silly fetchPackageMetaData     at CachingRegistryClient.<anonymous> (/usr/local/lib/node_modules/npm/node_modules/npm-registry-client/lib/request.js:282:14)
171 silly fetchPackageMetaData     at Request._callback (/usr/local/lib/node_modules/npm/node_modules/npm-registry-client/lib/request.js:212:14)
171 silly fetchPackageMetaData     at Request.self.callback (/usr/local/lib/node_modules/npm/node_modules/request/request.js:186:22)
171 silly fetchPackageMetaData     at emitTwo (events.js:106:13)
171 silly fetchPackageMetaData     at Request.emit (events.js:194:7)
171 silly fetchPackageMetaData     at Request.<anonymous> (/usr/local/lib/node_modules/npm/node_modules/request/request.js:1081:10)
171 silly fetchPackageMetaData     at emitOne (events.js:96:13)
171 silly fetchPackageMetaData     at Request.emit (events.js:191:7)
171 silly fetchPackageMetaData     at IncomingMessage.<anonymous> (/usr/local/lib/node_modules/npm/node_modules/request/request.js:1001:12)
171 silly fetchPackageMetaData  error for Microsoft.Extensions.Configuration.Json@1.0.0-rc1-final { Error: Registry returned 404 for GET on https://registry.npmjs.org/Microsoft.Extensions.Configuration.Json
171 silly fetchPackageMetaData     at makeError (/usr/local/lib/node_modules/npm/node_modules/npm-registry-client/lib/request.js:304:12)
171 silly fetchPackageMetaData     at CachingRegistryClient.<anonymous> (/usr/local/lib/node_modules/npm/node_modules/npm-registry-client/lib/request.js:282:14)
171 silly fetchPackageMetaData     at Request._callback (/usr/local/lib/node_modules/npm/node_modules/npm-registry-client/lib/request.js:212:14)
171 silly fetchPackageMetaData     at Request.self.callback (/usr/local/lib/node_modules/npm/node_modules/request/request.js:186:22)
171 silly fetchPackageMetaData     at emitTwo (events.js:106:13)
171 silly fetchPackageMetaData     at Request.emit (events.js:194:7)
171 silly fetchPackageMetaData     at Request.<anonymous> (/usr/local/lib/node_modules/npm/node_modules/request/request.js:1081:10)
171 silly fetchPackageMetaData     at emitOne (events.js:96:13)
171 silly fetchPackageMetaData     at Request.emit (events.js:191:7)
171 silly fetchPackageMetaData     at IncomingMessage.<anonymous> (/usr/local/lib/node_modules/npm/node_modules/request/request.js:1001:12)
171 silly fetchPackageMetaData   pkgid: 'Microsoft.Extensions.Configuration.Json',
171 silly fetchPackageMetaData   statusCode: 404,
171 silly fetchPackageMetaData   code: 'E404' }
172 http 404 https://registry.npmjs.org/Microsoft.Extensions.Logging.Debug
173 verbose headers { 'content-type': 'application/json',
173 verbose headers   'cache-control': 'max-age=0',
173 verbose headers   'content-length': '2',
173 verbose headers   'accept-ranges': 'bytes',
173 verbose headers   date: 'Sat, 15 Apr 2017 21:28:25 GMT',
173 verbose headers   via: '1.1 varnish',
173 verbose headers   age: '0',
173 verbose headers   connection: 'keep-alive',
173 verbose headers   'x-served-by': 'cache-mia1326-MIA',
173 verbose headers   'x-cache': 'MISS',
173 verbose headers   'x-cache-hits': '0',
173 verbose headers   'x-timer': 'S1492291705.933201,VS0,VE538',
173 verbose headers   vary: 'Accept-Encoding' }
174 silly get cb [ 404,
174 silly get   { 'content-type': 'application/json',
174 silly get     'cache-control': 'max-age=0',
174 silly get     'content-length': '2',
174 silly get     'accept-ranges': 'bytes',
174 silly get     date: 'Sat, 15 Apr 2017 21:28:25 GMT',
174 silly get     via: '1.1 varnish',
174 silly get     age: '0',
174 silly get     connection: 'keep-alive',
174 silly get     'x-served-by': 'cache-mia1326-MIA',
174 silly get     'x-cache': 'MISS',
174 silly get     'x-cache-hits': '0',
174 silly get     'x-timer': 'S1492291705.933201,VS0,VE538',
174 silly get     vary: 'Accept-Encoding' } ]
175 silly fetchPackageMetaData Error: Registry returned 404 for GET on https://registry.npmjs.org/Microsoft.Extensions.Logging.Debug
175 silly fetchPackageMetaData     at makeError (/usr/local/lib/node_modules/npm/node_modules/npm-registry-client/lib/request.js:304:12)
175 silly fetchPackageMetaData     at CachingRegistryClient.<anonymous> (/usr/local/lib/node_modules/npm/node_modules/npm-registry-client/lib/request.js:282:14)
175 silly fetchPackageMetaData     at Request._callback (/usr/local/lib/node_modules/npm/node_modules/npm-registry-client/lib/request.js:212:14)
175 silly fetchPackageMetaData     at Request.self.callback (/usr/local/lib/node_modules/npm/node_modules/request/request.js:186:22)
175 silly fetchPackageMetaData     at emitTwo (events.js:106:13)
175 silly fetchPackageMetaData     at Request.emit (events.js:194:7)
175 silly fetchPackageMetaData     at Request.<anonymous> (/usr/local/lib/node_modules/npm/node_modules/request/request.js:1081:10)
175 silly fetchPackageMetaData     at emitOne (events.js:96:13)
175 silly fetchPackageMetaData     at Request.emit (events.js:191:7)
175 silly fetchPackageMetaData     at IncomingMessage.<anonymous> (/usr/local/lib/node_modules/npm/node_modules/request/request.js:1001:12)
175 silly fetchPackageMetaData  error for Microsoft.Extensions.Logging.Debug@1.0.0-rc1-final { Error: Registry returned 404 for GET on https://registry.npmjs.org/Microsoft.Extensions.Logging.Debug
175 silly fetchPackageMetaData     at makeError (/usr/local/lib/node_modules/npm/node_modules/npm-registry-client/lib/request.js:304:12)
175 silly fetchPackageMetaData     at CachingRegistryClient.<anonymous> (/usr/local/lib/node_modules/npm/node_modules/npm-registry-client/lib/request.js:282:14)
175 silly fetchPackageMetaData     at Request._callback (/usr/local/lib/node_modules/npm/node_modules/npm-registry-client/lib/request.js:212:14)
175 silly fetchPackageMetaData     at Request.self.callback (/usr/local/lib/node_modules/npm/node_modules/request/request.js:186:22)
175 silly fetchPackageMetaData     at emitTwo (events.js:106:13)
175 silly fetchPackageMetaData     at Request.emit (events.js:194:7)
175 silly fetchPackageMetaData     at Request.<anonymous> (/usr/local/lib/node_modules/npm/node_modules/request/request.js:1081:10)
175 silly fetchPackageMetaData     at emitOne (events.js:96:13)
175 silly fetchPackageMetaData     at Request.emit (events.js:191:7)
175 silly fetchPackageMetaData     at IncomingMessage.<anonymous> (/usr/local/lib/node_modules/npm/node_modules/request/request.js:1001:12)
175 silly fetchPackageMetaData   pkgid: 'Microsoft.Extensions.Logging.Debug',
175 silly fetchPackageMetaData   statusCode: 404,
175 silly fetchPackageMetaData   code: 'E404' }
176 http 404 https://registry.npmjs.org/Microsoft.AspNet.Server.Kestrel
177 verbose headers { 'content-type': 'application/json',
177 verbose headers   'cache-control': 'max-age=0',
177 verbose headers   'content-length': '2',
177 verbose headers   'accept-ranges': 'bytes',
177 verbose headers   date: 'Sat, 15 Apr 2017 21:28:25 GMT',
177 verbose headers   via: '1.1 varnish',
177 verbose headers   age: '0',
177 verbose headers   connection: 'keep-alive',
177 verbose headers   'x-served-by': 'cache-mia1322-MIA',
177 verbose headers   'x-cache': 'MISS',
177 verbose headers   'x-cache-hits': '0',
177 verbose headers   'x-timer': 'S1492291705.933975,VS0,VE539',
177 verbose headers   vary: 'Accept-Encoding' }
178 silly get cb [ 404,
178 silly get   { 'content-type': 'application/json',
178 silly get     'cache-control': 'max-age=0',
178 silly get     'content-length': '2',
178 silly get     'accept-ranges': 'bytes',
178 silly get     date: 'Sat, 15 Apr 2017 21:28:25 GMT',
178 silly get     via: '1.1 varnish',
178 silly get     age: '0',
178 silly get     connection: 'keep-alive',
178 silly get     'x-served-by': 'cache-mia1322-MIA',
178 silly get     'x-cache': 'MISS',
178 silly get     'x-cache-hits': '0',
178 silly get     'x-timer': 'S1492291705.933975,VS0,VE539',
178 silly get     vary: 'Accept-Encoding' } ]
179 silly fetchPackageMetaData Error: Registry returned 404 for GET on https://registry.npmjs.org/Microsoft.AspNet.Server.Kestrel
179 silly fetchPackageMetaData     at makeError (/usr/local/lib/node_modules/npm/node_modules/npm-registry-client/lib/request.js:304:12)
179 silly fetchPackageMetaData     at CachingRegistryClient.<anonymous> (/usr/local/lib/node_modules/npm/node_modules/npm-registry-client/lib/request.js:282:14)
179 silly fetchPackageMetaData     at Request._callback (/usr/local/lib/node_modules/npm/node_modules/npm-registry-client/lib/request.js:212:14)
179 silly fetchPackageMetaData     at Request.self.callback (/usr/local/lib/node_modules/npm/node_modules/request/request.js:186:22)
179 silly fetchPackageMetaData     at emitTwo (events.js:106:13)
179 silly fetchPackageMetaData     at Request.emit (events.js:194:7)
179 silly fetchPackageMetaData     at Request.<anonymous> (/usr/local/lib/node_modules/npm/node_modules/request/request.js:1081:10)
179 silly fetchPackageMetaData     at emitOne (events.js:96:13)
179 silly fetchPackageMetaData     at Request.emit (events.js:191:7)
179 silly fetchPackageMetaData     at IncomingMessage.<anonymous> (/usr/local/lib/node_modules/npm/node_modules/request/request.js:1001:12)
179 silly fetchPackageMetaData  error for Microsoft.AspNet.Server.Kestrel@1.0.0-rc1-final { Error: Registry returned 404 for GET on https://registry.npmjs.org/Microsoft.AspNet.Server.Kestrel
179 silly fetchPackageMetaData     at makeError (/usr/local/lib/node_modules/npm/node_modules/npm-registry-client/lib/request.js:304:12)
179 silly fetchPackageMetaData     at CachingRegistryClient.<anonymous> (/usr/local/lib/node_modules/npm/node_modules/npm-registry-client/lib/request.js:282:14)
179 silly fetchPackageMetaData     at Request._callback (/usr/local/lib/node_modules/npm/node_modules/npm-registry-client/lib/request.js:212:14)
179 silly fetchPackageMetaData     at Request.self.callback (/usr/local/lib/node_modules/npm/node_modules/request/request.js:186:22)
179 silly fetchPackageMetaData     at emitTwo (events.js:106:13)
179 silly fetchPackageMetaData     at Request.emit (events.js:194:7)
179 silly fetchPackageMetaData     at Request.<anonymous> (/usr/local/lib/node_modules/npm/node_modules/request/request.js:1081:10)
179 silly fetchPackageMetaData     at emitOne (events.js:96:13)
179 silly fetchPackageMetaData     at Request.emit (events.js:191:7)
179 silly fetchPackageMetaData     at IncomingMessage.<anonymous> (/usr/local/lib/node_modules/npm/node_modules/request/request.js:1001:12)
179 silly fetchPackageMetaData   pkgid: 'Microsoft.AspNet.Server.Kestrel',
179 silly fetchPackageMetaData   statusCode: 404,
179 silly fetchPackageMetaData   code: 'E404' }
180 http 404 https://registry.npmjs.org/Microsoft.Extensions.Logging.Console
181 verbose headers { 'content-type': 'application/json',
181 verbose headers   'cache-control': 'max-age=0',
181 verbose headers   'content-length': '2',
181 verbose headers   'accept-ranges': 'bytes',
181 verbose headers   date: 'Sat, 15 Apr 2017 21:28:25 GMT',
181 verbose headers   via: '1.1 varnish',
181 verbose headers   age: '0',
181 verbose headers   connection: 'keep-alive',
181 verbose headers   'x-served-by': 'cache-mia1322-MIA',
181 verbose headers   'x-cache': 'MISS',
181 verbose headers   'x-cache-hits': '0',
181 verbose headers   'x-timer': 'S1492291705.936012,VS0,VE542',
181 verbose headers   vary: 'Accept-Encoding' }
182 silly get cb [ 404,
182 silly get   { 'content-type': 'application/json',
182 silly get     'cache-control': 'max-age=0',
182 silly get     'content-length': '2',
182 silly get     'accept-ranges': 'bytes',
182 silly get     date: 'Sat, 15 Apr 2017 21:28:25 GMT',
182 silly get     via: '1.1 varnish',
182 silly get     age: '0',
182 silly get     connection: 'keep-alive',
182 silly get     'x-served-by': 'cache-mia1322-MIA',
182 silly get     'x-cache': 'MISS',
182 silly get     'x-cache-hits': '0',
182 silly get     'x-timer': 'S1492291705.936012,VS0,VE542',
182 silly get     vary: 'Accept-Encoding' } ]
183 silly fetchPackageMetaData Error: Registry returned 404 for GET on https://registry.npmjs.org/Microsoft.Extensions.Logging.Console
183 silly fetchPackageMetaData     at makeError (/usr/local/lib/node_modules/npm/node_modules/npm-registry-client/lib/request.js:304:12)
183 silly fetchPackageMetaData     at CachingRegistryClient.<anonymous> (/usr/local/lib/node_modules/npm/node_modules/npm-registry-client/lib/request.js:282:14)
183 silly fetchPackageMetaData     at Request._callback (/usr/local/lib/node_modules/npm/node_modules/npm-registry-client/lib/request.js:212:14)
183 silly fetchPackageMetaData     at Request.self.callback (/usr/local/lib/node_modules/npm/node_modules/request/request.js:186:22)
183 silly fetchPackageMetaData     at emitTwo (events.js:106:13)
183 silly fetchPackageMetaData     at Request.emit (events.js:194:7)
183 silly fetchPackageMetaData     at Request.<anonymous> (/usr/local/lib/node_modules/npm/node_modules/request/request.js:1081:10)
183 silly fetchPackageMetaData     at emitOne (events.js:96:13)
183 silly fetchPackageMetaData     at Request.emit (events.js:191:7)
183 silly fetchPackageMetaData     at IncomingMessage.<anonymous> (/usr/local/lib/node_modules/npm/node_modules/request/request.js:1001:12)
183 silly fetchPackageMetaData  error for Microsoft.Extensions.Logging.Console@1.0.0-rc1-final { Error: Registry returned 404 for GET on https://registry.npmjs.org/Microsoft.Extensions.Logging.Console
183 silly fetchPackageMetaData     at makeError (/usr/local/lib/node_modules/npm/node_modules/npm-registry-client/lib/request.js:304:12)
183 silly fetchPackageMetaData     at CachingRegistryClient.<anonymous> (/usr/local/lib/node_modules/npm/node_modules/npm-registry-client/lib/request.js:282:14)
183 silly fetchPackageMetaData     at Request._callback (/usr/local/lib/node_modules/npm/node_modules/npm-registry-client/lib/request.js:212:14)
183 silly fetchPackageMetaData     at Request.self.callback (/usr/local/lib/node_modules/npm/node_modules/request/request.js:186:22)
183 silly fetchPackageMetaData     at emitTwo (events.js:106:13)
183 silly fetchPackageMetaData     at Request.emit (events.js:194:7)
183 silly fetchPackageMetaData     at Request.<anonymous> (/usr/local/lib/node_modules/npm/node_modules/request/request.js:1081:10)
183 silly fetchPackageMetaData     at emitOne (events.js:96:13)
183 silly fetchPackageMetaData     at Request.emit (events.js:191:7)
183 silly fetchPackageMetaData     at IncomingMessage.<anonymous> (/usr/local/lib/node_modules/npm/node_modules/request/request.js:1001:12)
183 silly fetchPackageMetaData   pkgid: 'Microsoft.Extensions.Logging.Console',
183 silly fetchPackageMetaData   statusCode: 404,
183 silly fetchPackageMetaData   code: 'E404' }
184 http 404 https://registry.npmjs.org/IdentityServer4.AccessTokenValidation
185 verbose headers { 'content-type': 'application/json',
185 verbose headers   'cache-control': 'max-age=0',
185 verbose headers   'content-length': '2',
185 verbose headers   'accept-ranges': 'bytes',
185 verbose headers   date: 'Sat, 15 Apr 2017 21:28:25 GMT',
185 verbose headers   via: '1.1 varnish',
185 verbose headers   age: '0',
185 verbose headers   connection: 'keep-alive',
185 verbose headers   'x-served-by': 'cache-mia1326-MIA',
185 verbose headers   'x-cache': 'MISS',
185 verbose headers   'x-cache-hits': '0',
185 verbose headers   'x-timer': 'S1492291705.978296,VS0,VE511',
185 verbose headers   vary: 'Accept-Encoding' }
186 silly get cb [ 404,
186 silly get   { 'content-type': 'application/json',
186 silly get     'cache-control': 'max-age=0',
186 silly get     'content-length': '2',
186 silly get     'accept-ranges': 'bytes',
186 silly get     date: 'Sat, 15 Apr 2017 21:28:25 GMT',
186 silly get     via: '1.1 varnish',
186 silly get     age: '0',
186 silly get     connection: 'keep-alive',
186 silly get     'x-served-by': 'cache-mia1326-MIA',
186 silly get     'x-cache': 'MISS',
186 silly get     'x-cache-hits': '0',
186 silly get     'x-timer': 'S1492291705.978296,VS0,VE511',
186 silly get     vary: 'Accept-Encoding' } ]
187 silly fetchPackageMetaData Error: Registry returned 404 for GET on https://registry.npmjs.org/IdentityServer4.AccessTokenValidation
187 silly fetchPackageMetaData     at makeError (/usr/local/lib/node_modules/npm/node_modules/npm-registry-client/lib/request.js:304:12)
187 silly fetchPackageMetaData     at CachingRegistryClient.<anonymous> (/usr/local/lib/node_modules/npm/node_modules/npm-registry-client/lib/request.js:282:14)
187 silly fetchPackageMetaData     at Request._callback (/usr/local/lib/node_modules/npm/node_modules/npm-registry-client/lib/request.js:212:14)
187 silly fetchPackageMetaData     at Request.self.callback (/usr/local/lib/node_modules/npm/node_modules/request/request.js:186:22)
187 silly fetchPackageMetaData     at emitTwo (events.js:106:13)
187 silly fetchPackageMetaData     at Request.emit (events.js:194:7)
187 silly fetchPackageMetaData     at Request.<anonymous> (/usr/local/lib/node_modules/npm/node_modules/request/request.js:1081:10)
187 silly fetchPackageMetaData     at emitOne (events.js:96:13)
187 silly fetchPackageMetaData     at Request.emit (events.js:191:7)
187 silly fetchPackageMetaData     at IncomingMessage.<anonymous> (/usr/local/lib/node_modules/npm/node_modules/request/request.js:1001:12)
187 silly fetchPackageMetaData  error for IdentityServer4.AccessTokenValidation@1.0.0-beta3 { Error: Registry returned 404 for GET on https://registry.npmjs.org/IdentityServer4.AccessTokenValidation
187 silly fetchPackageMetaData     at makeError (/usr/local/lib/node_modules/npm/node_modules/npm-registry-client/lib/request.js:304:12)
187 silly fetchPackageMetaData     at CachingRegistryClient.<anonymous> (/usr/local/lib/node_modules/npm/node_modules/npm-registry-client/lib/request.js:282:14)
187 silly fetchPackageMetaData     at Request._callback (/usr/local/lib/node_modules/npm/node_modules/npm-registry-client/lib/request.js:212:14)
187 silly fetchPackageMetaData     at Request.self.callback (/usr/local/lib/node_modules/npm/node_modules/request/request.js:186:22)
187 silly fetchPackageMetaData     at emitTwo (events.js:106:13)
187 silly fetchPackageMetaData     at Request.emit (events.js:194:7)
187 silly fetchPackageMetaData     at Request.<anonymous> (/usr/local/lib/node_modules/npm/node_modules/request/request.js:1081:10)
187 silly fetchPackageMetaData     at emitOne (events.js:96:13)
187 silly fetchPackageMetaData     at Request.emit (events.js:191:7)
187 silly fetchPackageMetaData     at IncomingMessage.<anonymous> (/usr/local/lib/node_modules/npm/node_modules/request/request.js:1001:12)
187 silly fetchPackageMetaData   pkgid: 'IdentityServer4.AccessTokenValidation',
187 silly fetchPackageMetaData   statusCode: 404,
187 silly fetchPackageMetaData   code: 'E404' }
188 http 404 https://registry.npmjs.org/Microsoft.Extensions.Logging
189 verbose headers { 'content-type': 'application/json',
189 verbose headers   'cache-control': 'max-age=0',
189 verbose headers   'content-length': '2',
189 verbose headers   'accept-ranges': 'bytes',
189 verbose headers   date: 'Sat, 15 Apr 2017 21:28:25 GMT',
189 verbose headers   via: '1.1 varnish',
189 verbose headers   age: '0',
189 verbose headers   connection: 'keep-alive',
189 verbose headers   'x-served-by': 'cache-mia1321-MIA',
189 verbose headers   'x-cache': 'MISS',
189 verbose headers   'x-cache-hits': '0',
189 verbose headers   'x-timer': 'S1492291705.996198,VS0,VE536',
189 verbose headers   vary: 'Accept-Encoding' }
190 silly get cb [ 404,
190 silly get   { 'content-type': 'application/json',
190 silly get     'cache-control': 'max-age=0',
190 silly get     'content-length': '2',
190 silly get     'accept-ranges': 'bytes',
190 silly get     date: 'Sat, 15 Apr 2017 21:28:25 GMT',
190 silly get     via: '1.1 varnish',
190 silly get     age: '0',
190 silly get     connection: 'keep-alive',
190 silly get     'x-served-by': 'cache-mia1321-MIA',
190 silly get     'x-cache': 'MISS',
190 silly get     'x-cache-hits': '0',
190 silly get     'x-timer': 'S1492291705.996198,VS0,VE536',
190 silly get     vary: 'Accept-Encoding' } ]
191 silly fetchPackageMetaData Error: Registry returned 404 for GET on https://registry.npmjs.org/Microsoft.Extensions.Logging
191 silly fetchPackageMetaData     at makeError (/usr/local/lib/node_modules/npm/node_modules/npm-registry-client/lib/request.js:304:12)
191 silly fetchPackageMetaData     at CachingRegistryClient.<anonymous> (/usr/local/lib/node_modules/npm/node_modules/npm-registry-client/lib/request.js:282:14)
191 silly fetchPackageMetaData     at Request._callback (/usr/local/lib/node_modules/npm/node_modules/npm-registry-client/lib/request.js:212:14)
191 silly fetchPackageMetaData     at Request.self.callback (/usr/local/lib/node_modules/npm/node_modules/request/request.js:186:22)
191 silly fetchPackageMetaData     at emitTwo (events.js:106:13)
191 silly fetchPackageMetaData     at Request.emit (events.js:194:7)
191 silly fetchPackageMetaData     at Request.<anonymous> (/usr/local/lib/node_modules/npm/node_modules/request/request.js:1081:10)
191 silly fetchPackageMetaData     at emitOne (events.js:96:13)
191 silly fetchPackageMetaData     at Request.emit (events.js:191:7)
191 silly fetchPackageMetaData     at IncomingMessage.<anonymous> (/usr/local/lib/node_modules/npm/node_modules/request/request.js:1001:12)
191 silly fetchPackageMetaData  error for Microsoft.Extensions.Logging@1.0.0-rc1-final { Error: Registry returned 404 for GET on https://registry.npmjs.org/Microsoft.Extensions.Logging
191 silly fetchPackageMetaData     at makeError (/usr/local/lib/node_modules/npm/node_modules/npm-registry-client/lib/request.js:304:12)
191 silly fetchPackageMetaData     at CachingRegistryClient.<anonymous> (/usr/local/lib/node_modules/npm/node_modules/npm-registry-client/lib/request.js:282:14)
191 silly fetchPackageMetaData     at Request._callback (/usr/local/lib/node_modules/npm/node_modules/npm-registry-client/lib/request.js:212:14)
191 silly fetchPackageMetaData     at Request.self.callback (/usr/local/lib/node_modules/npm/node_modules/request/request.js:186:22)
191 silly fetchPackageMetaData     at emitTwo (events.js:106:13)
191 silly fetchPackageMetaData     at Request.emit (events.js:194:7)
191 silly fetchPackageMetaData     at Request.<anonymous> (/usr/local/lib/node_modules/npm/node_modules/request/request.js:1081:10)
191 silly fetchPackageMetaData     at emitOne (events.js:96:13)
191 silly fetchPackageMetaData     at Request.emit (events.js:191:7)
191 silly fetchPackageMetaData     at IncomingMessage.<anonymous> (/usr/local/lib/node_modules/npm/node_modules/request/request.js:1001:12)
191 silly fetchPackageMetaData   pkgid: 'Microsoft.Extensions.Logging',
191 silly fetchPackageMetaData   statusCode: 404,
191 silly fetchPackageMetaData   code: 'E404' }
192 http 404 https://registry.npmjs.org/Microsoft.AspNet.Authorization
193 verbose headers { 'content-type': 'application/json',
193 verbose headers   'cache-control': 'max-age=0',
193 verbose headers   'content-length': '2',
193 verbose headers   'accept-ranges': 'bytes',
193 verbose headers   date: 'Sat, 15 Apr 2017 21:28:25 GMT',
193 verbose headers   via: '1.1 varnish',
193 verbose headers   age: '0',
193 verbose headers   connection: 'keep-alive',
193 verbose headers   'x-served-by': 'cache-mia1327-MIA',
193 verbose headers   'x-cache': 'MISS',
193 verbose headers   'x-cache-hits': '0',
193 verbose headers   'x-timer': 'S1492291705.246935,VS0,VE577',
193 verbose headers   vary: 'Accept-Encoding' }
194 silly get cb [ 404,
194 silly get   { 'content-type': 'application/json',
194 silly get     'cache-control': 'max-age=0',
194 silly get     'content-length': '2',
194 silly get     'accept-ranges': 'bytes',
194 silly get     date: 'Sat, 15 Apr 2017 21:28:25 GMT',
194 silly get     via: '1.1 varnish',
194 silly get     age: '0',
194 silly get     connection: 'keep-alive',
194 silly get     'x-served-by': 'cache-mia1327-MIA',
194 silly get     'x-cache': 'MISS',
194 silly get     'x-cache-hits': '0',
194 silly get     'x-timer': 'S1492291705.246935,VS0,VE577',
194 silly get     vary: 'Accept-Encoding' } ]
195 silly fetchPackageMetaData Error: Registry returned 404 for GET on https://registry.npmjs.org/Microsoft.AspNet.Authorization
195 silly fetchPackageMetaData     at makeError (/usr/local/lib/node_modules/npm/node_modules/npm-registry-client/lib/request.js:304:12)
195 silly fetchPackageMetaData     at CachingRegistryClient.<anonymous> (/usr/local/lib/node_modules/npm/node_modules/npm-registry-client/lib/request.js:282:14)
195 silly fetchPackageMetaData     at Request._callback (/usr/local/lib/node_modules/npm/node_modules/npm-registry-client/lib/request.js:212:14)
195 silly fetchPackageMetaData     at Request.self.callback (/usr/local/lib/node_modules/npm/node_modules/request/request.js:186:22)
195 silly fetchPackageMetaData     at emitTwo (events.js:106:13)
195 silly fetchPackageMetaData     at Request.emit (events.js:194:7)
195 silly fetchPackageMetaData     at Request.<anonymous> (/usr/local/lib/node_modules/npm/node_modules/request/request.js:1081:10)
195 silly fetchPackageMetaData     at emitOne (events.js:96:13)
195 silly fetchPackageMetaData     at Request.emit (events.js:191:7)
195 silly fetchPackageMetaData     at IncomingMessage.<anonymous> (/usr/local/lib/node_modules/npm/node_modules/request/request.js:1001:12)
195 silly fetchPackageMetaData  error for Microsoft.AspNet.Authorization@1.0.0-rc1-final { Error: Registry returned 404 for GET on https://registry.npmjs.org/Microsoft.AspNet.Authorization
195 silly fetchPackageMetaData     at makeError (/usr/local/lib/node_modules/npm/node_modules/npm-registry-client/lib/request.js:304:12)
195 silly fetchPackageMetaData     at CachingRegistryClient.<anonymous> (/usr/local/lib/node_modules/npm/node_modules/npm-registry-client/lib/request.js:282:14)
195 silly fetchPackageMetaData     at Request._callback (/usr/local/lib/node_modules/npm/node_modules/npm-registry-client/lib/request.js:212:14)
195 silly fetchPackageMetaData     at Request.self.callback (/usr/local/lib/node_modules/npm/node_modules/request/request.js:186:22)
195 silly fetchPackageMetaData     at emitTwo (events.js:106:13)
195 silly fetchPackageMetaData     at Request.emit (events.js:194:7)
195 silly fetchPackageMetaData     at Request.<anonymous> (/usr/local/lib/node_modules/npm/node_modules/request/request.js:1081:10)
195 silly fetchPackageMetaData     at emitOne (events.js:96:13)
195 silly fetchPackageMetaData     at Request.emit (events.js:191:7)
195 silly fetchPackageMetaData     at IncomingMessage.<anonymous> (/usr/local/lib/node_modules/npm/node_modules/request/request.js:1001:12)
195 silly fetchPackageMetaData   pkgid: 'Microsoft.AspNet.Authorization',
195 silly fetchPackageMetaData   statusCode: 404,
195 silly fetchPackageMetaData   code: 'E404' }
196 http 404 https://registry.npmjs.org/Microsoft.AspNet.StaticFiles
197 verbose headers { 'content-type': 'application/json',
197 verbose headers   'cache-control': 'max-age=0',
197 verbose headers   'content-length': '2',
197 verbose headers   'accept-ranges': 'bytes',
197 verbose headers   date: 'Sat, 15 Apr 2017 21:28:26 GMT',
197 verbose headers   via: '1.1 varnish',
197 verbose headers   age: '0',
197 verbose headers   connection: 'keep-alive',
197 verbose headers   'x-served-by': 'cache-mia1327-MIA',
197 verbose headers   'x-cache': 'MISS',
197 verbose headers   'x-cache-hits': '0',
197 verbose headers   'x-timer': 'S1492291706.099813,VS0,VE220',
197 verbose headers   vary: 'Accept-Encoding' }
198 silly get cb [ 404,
198 silly get   { 'content-type': 'application/json',
198 silly get     'cache-control': 'max-age=0',
198 silly get     'content-length': '2',
198 silly get     'accept-ranges': 'bytes',
198 silly get     date: 'Sat, 15 Apr 2017 21:28:26 GMT',
198 silly get     via: '1.1 varnish',
198 silly get     age: '0',
198 silly get     connection: 'keep-alive',
198 silly get     'x-served-by': 'cache-mia1327-MIA',
198 silly get     'x-cache': 'MISS',
198 silly get     'x-cache-hits': '0',
198 silly get     'x-timer': 'S1492291706.099813,VS0,VE220',
198 silly get     vary: 'Accept-Encoding' } ]
199 silly fetchPackageMetaData Error: Registry returned 404 for GET on https://registry.npmjs.org/Microsoft.AspNet.StaticFiles
199 silly fetchPackageMetaData     at makeError (/usr/local/lib/node_modules/npm/node_modules/npm-registry-client/lib/request.js:304:12)
199 silly fetchPackageMetaData     at CachingRegistryClient.<anonymous> (/usr/local/lib/node_modules/npm/node_modules/npm-registry-client/lib/request.js:282:14)
199 silly fetchPackageMetaData     at Request._callback (/usr/local/lib/node_modules/npm/node_modules/npm-registry-client/lib/request.js:212:14)
199 silly fetchPackageMetaData     at Request.self.callback (/usr/local/lib/node_modules/npm/node_modules/request/request.js:186:22)
199 silly fetchPackageMetaData     at emitTwo (events.js:106:13)
199 silly fetchPackageMetaData     at Request.emit (events.js:194:7)
199 silly fetchPackageMetaData     at Request.<anonymous> (/usr/local/lib/node_modules/npm/node_modules/request/request.js:1081:10)
199 silly fetchPackageMetaData     at emitOne (events.js:96:13)
199 silly fetchPackageMetaData     at Request.emit (events.js:191:7)
199 silly fetchPackageMetaData     at IncomingMessage.<anonymous> (/usr/local/lib/node_modules/npm/node_modules/request/request.js:1001:12)
199 silly fetchPackageMetaData  error for Microsoft.AspNet.StaticFiles@1.0.0-rc1-final { Error: Registry returned 404 for GET on https://registry.npmjs.org/Microsoft.AspNet.StaticFiles
199 silly fetchPackageMetaData     at makeError (/usr/local/lib/node_modules/npm/node_modules/npm-registry-client/lib/request.js:304:12)
199 silly fetchPackageMetaData     at CachingRegistryClient.<anonymous> (/usr/local/lib/node_modules/npm/node_modules/npm-registry-client/lib/request.js:282:14)
199 silly fetchPackageMetaData     at Request._callback (/usr/local/lib/node_modules/npm/node_modules/npm-registry-client/lib/request.js:212:14)
199 silly fetchPackageMetaData     at Request.self.callback (/usr/local/lib/node_modules/npm/node_modules/request/request.js:186:22)
199 silly fetchPackageMetaData     at emitTwo (events.js:106:13)
199 silly fetchPackageMetaData     at Request.emit (events.js:194:7)
199 silly fetchPackageMetaData     at Request.<anonymous> (/usr/local/lib/node_modules/npm/node_modules/request/request.js:1081:10)
199 silly fetchPackageMetaData     at emitOne (events.js:96:13)
199 silly fetchPackageMetaData     at Request.emit (events.js:191:7)
199 silly fetchPackageMetaData     at IncomingMessage.<anonymous> (/usr/local/lib/node_modules/npm/node_modules/request/request.js:1001:12)
199 silly fetchPackageMetaData   pkgid: 'Microsoft.AspNet.StaticFiles',
199 silly fetchPackageMetaData   statusCode: 404,
199 silly fetchPackageMetaData   code: 'E404' }
200 http 404 https://registry.npmjs.org/Microsoft.AspNet.Authentication.JwtBearer
201 verbose headers { 'content-type': 'application/json',
201 verbose headers   'cache-control': 'max-age=0',
201 verbose headers   'content-length': '2',
201 verbose headers   'accept-ranges': 'bytes',
201 verbose headers   date: 'Sat, 15 Apr 2017 21:28:26 GMT',
201 verbose headers   via: '1.1 varnish',
201 verbose headers   age: '0',
201 verbose headers   connection: 'keep-alive',
201 verbose headers   'x-served-by': 'cache-mia1323-MIA',
201 verbose headers   'x-cache': 'MISS',
201 verbose headers   'x-cache-hits': '0',
201 verbose headers   'x-timer': 'S1492291706.111720,VS0,VE223',
201 verbose headers   vary: 'Accept-Encoding' }
202 silly get cb [ 404,
202 silly get   { 'content-type': 'application/json',
202 silly get     'cache-control': 'max-age=0',
202 silly get     'content-length': '2',
202 silly get     'accept-ranges': 'bytes',
202 silly get     date: 'Sat, 15 Apr 2017 21:28:26 GMT',
202 silly get     via: '1.1 varnish',
202 silly get     age: '0',
202 silly get     connection: 'keep-alive',
202 silly get     'x-served-by': 'cache-mia1323-MIA',
202 silly get     'x-cache': 'MISS',
202 silly get     'x-cache-hits': '0',
202 silly get     'x-timer': 'S1492291706.111720,VS0,VE223',
202 silly get     vary: 'Accept-Encoding' } ]
203 silly fetchPackageMetaData Error: Registry returned 404 for GET on https://registry.npmjs.org/Microsoft.AspNet.Authentication.JwtBearer
203 silly fetchPackageMetaData     at makeError (/usr/local/lib/node_modules/npm/node_modules/npm-registry-client/lib/request.js:304:12)
203 silly fetchPackageMetaData     at CachingRegistryClient.<anonymous> (/usr/local/lib/node_modules/npm/node_modules/npm-registry-client/lib/request.js:282:14)
203 silly fetchPackageMetaData     at Request._callback (/usr/local/lib/node_modules/npm/node_modules/npm-registry-client/lib/request.js:212:14)
203 silly fetchPackageMetaData     at Request.self.callback (/usr/local/lib/node_modules/npm/node_modules/request/request.js:186:22)
203 silly fetchPackageMetaData     at emitTwo (events.js:106:13)
203 silly fetchPackageMetaData     at Request.emit (events.js:194:7)
203 silly fetchPackageMetaData     at Request.<anonymous> (/usr/local/lib/node_modules/npm/node_modules/request/request.js:1081:10)
203 silly fetchPackageMetaData     at emitOne (events.js:96:13)
203 silly fetchPackageMetaData     at Request.emit (events.js:191:7)
203 silly fetchPackageMetaData     at IncomingMessage.<anonymous> (/usr/local/lib/node_modules/npm/node_modules/request/request.js:1001:12)
203 silly fetchPackageMetaData  error for Microsoft.AspNet.Authentication.JwtBearer@1.0.0-rc1-final { Error: Registry returned 404 for GET on https://registry.npmjs.org/Microsoft.AspNet.Authentication.JwtBearer
203 silly fetchPackageMetaData     at makeError (/usr/local/lib/node_modules/npm/node_modules/npm-registry-client/lib/request.js:304:12)
203 silly fetchPackageMetaData     at CachingRegistryClient.<anonymous> (/usr/local/lib/node_modules/npm/node_modules/npm-registry-client/lib/request.js:282:14)
203 silly fetchPackageMetaData     at Request._callback (/usr/local/lib/node_modules/npm/node_modules/npm-registry-client/lib/request.js:212:14)
203 silly fetchPackageMetaData     at Request.self.callback (/usr/local/lib/node_modules/npm/node_modules/request/request.js:186:22)
203 silly fetchPackageMetaData     at emitTwo (events.js:106:13)
203 silly fetchPackageMetaData     at Request.emit (events.js:194:7)
203 silly fetchPackageMetaData     at Request.<anonymous> (/usr/local/lib/node_modules/npm/node_modules/request/request.js:1081:10)
203 silly fetchPackageMetaData     at emitOne (events.js:96:13)
203 silly fetchPackageMetaData     at Request.emit (events.js:191:7)
203 silly fetchPackageMetaData     at IncomingMessage.<anonymous> (/usr/local/lib/node_modules/npm/node_modules/request/request.js:1001:12)
203 silly fetchPackageMetaData   pkgid: 'Microsoft.AspNet.Authentication.JwtBearer',
203 silly fetchPackageMetaData   statusCode: 404,
203 silly fetchPackageMetaData   code: 'E404' }
204 http 404 https://registry.npmjs.org/Microsoft.AspNet.Diagnostics
205 verbose headers { 'content-type': 'application/json',
205 verbose headers   'cache-control': 'max-age=0',
205 verbose headers   'content-length': '2',
205 verbose headers   'accept-ranges': 'bytes',
205 verbose headers   date: 'Sat, 15 Apr 2017 21:28:26 GMT',
205 verbose headers   via: '1.1 varnish',
205 verbose headers   age: '0',
205 verbose headers   connection: 'keep-alive',
205 verbose headers   'x-served-by': 'cache-mia1321-MIA',
205 verbose headers   'x-cache': 'MISS',
205 verbose headers   'x-cache-hits': '0',
205 verbose headers   'x-timer': 'S1492291706.103619,VS0,VE321',
205 verbose headers   vary: 'Accept-Encoding' }
206 silly get cb [ 404,
206 silly get   { 'content-type': 'application/json',
206 silly get     'cache-control': 'max-age=0',
206 silly get     'content-length': '2',
206 silly get     'accept-ranges': 'bytes',
206 silly get     date: 'Sat, 15 Apr 2017 21:28:26 GMT',
206 silly get     via: '1.1 varnish',
206 silly get     age: '0',
206 silly get     connection: 'keep-alive',
206 silly get     'x-served-by': 'cache-mia1321-MIA',
206 silly get     'x-cache': 'MISS',
206 silly get     'x-cache-hits': '0',
206 silly get     'x-timer': 'S1492291706.103619,VS0,VE321',
206 silly get     vary: 'Accept-Encoding' } ]
207 silly fetchPackageMetaData Error: Registry returned 404 for GET on https://registry.npmjs.org/Microsoft.AspNet.Diagnostics
207 silly fetchPackageMetaData     at makeError (/usr/local/lib/node_modules/npm/node_modules/npm-registry-client/lib/request.js:304:12)
207 silly fetchPackageMetaData     at CachingRegistryClient.<anonymous> (/usr/local/lib/node_modules/npm/node_modules/npm-registry-client/lib/request.js:282:14)
207 silly fetchPackageMetaData     at Request._callback (/usr/local/lib/node_modules/npm/node_modules/npm-registry-client/lib/request.js:212:14)
207 silly fetchPackageMetaData     at Request.self.callback (/usr/local/lib/node_modules/npm/node_modules/request/request.js:186:22)
207 silly fetchPackageMetaData     at emitTwo (events.js:106:13)
207 silly fetchPackageMetaData     at Request.emit (events.js:194:7)
207 silly fetchPackageMetaData     at Request.<anonymous> (/usr/local/lib/node_modules/npm/node_modules/request/request.js:1081:10)
207 silly fetchPackageMetaData     at emitOne (events.js:96:13)
207 silly fetchPackageMetaData     at Request.emit (events.js:191:7)
207 silly fetchPackageMetaData     at IncomingMessage.<anonymous> (/usr/local/lib/node_modules/npm/node_modules/request/request.js:1001:12)
207 silly fetchPackageMetaData  error for Microsoft.AspNet.Diagnostics@1.0.0-rc1-final { Error: Registry returned 404 for GET on https://registry.npmjs.org/Microsoft.AspNet.Diagnostics
207 silly fetchPackageMetaData     at makeError (/usr/local/lib/node_modules/npm/node_modules/npm-registry-client/lib/request.js:304:12)
207 silly fetchPackageMetaData     at CachingRegistryClient.<anonymous> (/usr/local/lib/node_modules/npm/node_modules/npm-registry-client/lib/request.js:282:14)
207 silly fetchPackageMetaData     at Request._callback (/usr/local/lib/node_modules/npm/node_modules/npm-registry-client/lib/request.js:212:14)
207 silly fetchPackageMetaData     at Request.self.callback (/usr/local/lib/node_modules/npm/node_modules/request/request.js:186:22)
207 silly fetchPackageMetaData     at emitTwo (events.js:106:13)
207 silly fetchPackageMetaData     at Request.emit (events.js:194:7)
207 silly fetchPackageMetaData     at Request.<anonymous> (/usr/local/lib/node_modules/npm/node_modules/request/request.js:1081:10)
207 silly fetchPackageMetaData     at emitOne (events.js:96:13)
207 silly fetchPackageMetaData     at Request.emit (events.js:191:7)
207 silly fetchPackageMetaData     at IncomingMessage.<anonymous> (/usr/local/lib/node_modules/npm/node_modules/request/request.js:1001:12)
207 silly fetchPackageMetaData   pkgid: 'Microsoft.AspNet.Diagnostics',
207 silly fetchPackageMetaData   statusCode: 404,
207 silly fetchPackageMetaData   code: 'E404' }
208 http 404 https://registry.npmjs.org/Microsoft.Extensions.Configuration.FileProviderExtensions
209 verbose headers { 'content-type': 'application/json',
209 verbose headers   'cache-control': 'max-age=0',
209 verbose headers   'content-length': '2',
209 verbose headers   'accept-ranges': 'bytes',
209 verbose headers   date: 'Sat, 15 Apr 2017 21:28:26 GMT',
209 verbose headers   via: '1.1 varnish',
209 verbose headers   age: '0',
209 verbose headers   connection: 'keep-alive',
209 verbose headers   'x-served-by': 'cache-mia1323-MIA',
209 verbose headers   'x-cache': 'MISS',
209 verbose headers   'x-cache-hits': '0',
209 verbose headers   'x-timer': 'S1492291706.098947,VS0,VE500',
209 verbose headers   vary: 'Accept-Encoding' }
210 silly get cb [ 404,
210 silly get   { 'content-type': 'application/json',
210 silly get     'cache-control': 'max-age=0',
210 silly get     'content-length': '2',
210 silly get     'accept-ranges': 'bytes',
210 silly get     date: 'Sat, 15 Apr 2017 21:28:26 GMT',
210 silly get     via: '1.1 varnish',
210 silly get     age: '0',
210 silly get     connection: 'keep-alive',
210 silly get     'x-served-by': 'cache-mia1323-MIA',
210 silly get     'x-cache': 'MISS',
210 silly get     'x-cache-hits': '0',
210 silly get     'x-timer': 'S1492291706.098947,VS0,VE500',
210 silly get     vary: 'Accept-Encoding' } ]
211 silly fetchPackageMetaData Error: Registry returned 404 for GET on https://registry.npmjs.org/Microsoft.Extensions.Configuration.FileProviderExtensions
211 silly fetchPackageMetaData     at makeError (/usr/local/lib/node_modules/npm/node_modules/npm-registry-client/lib/request.js:304:12)
211 silly fetchPackageMetaData     at CachingRegistryClient.<anonymous> (/usr/local/lib/node_modules/npm/node_modules/npm-registry-client/lib/request.js:282:14)
211 silly fetchPackageMetaData     at Request._callback (/usr/local/lib/node_modules/npm/node_modules/npm-registry-client/lib/request.js:212:14)
211 silly fetchPackageMetaData     at Request.self.callback (/usr/local/lib/node_modules/npm/node_modules/request/request.js:186:22)
211 silly fetchPackageMetaData     at emitTwo (events.js:106:13)
211 silly fetchPackageMetaData     at Request.emit (events.js:194:7)
211 silly fetchPackageMetaData     at Request.<anonymous> (/usr/local/lib/node_modules/npm/node_modules/request/request.js:1081:10)
211 silly fetchPackageMetaData     at emitOne (events.js:96:13)
211 silly fetchPackageMetaData     at Request.emit (events.js:191:7)
211 silly fetchPackageMetaData     at IncomingMessage.<anonymous> (/usr/local/lib/node_modules/npm/node_modules/request/request.js:1001:12)
211 silly fetchPackageMetaData  error for Microsoft.Extensions.Configuration.FileProviderExtensions@1.0.0-rc1-final { Error: Registry returned 404 for GET on https://registry.npmjs.org/Microsoft.Extensions.Configuration.FileProviderExtensions
211 silly fetchPackageMetaData     at makeError (/usr/local/lib/node_modules/npm/node_modules/npm-registry-client/lib/request.js:304:12)
211 silly fetchPackageMetaData     at CachingRegistryClient.<anonymous> (/usr/local/lib/node_modules/npm/node_modules/npm-registry-client/lib/request.js:282:14)
211 silly fetchPackageMetaData     at Request._callback (/usr/local/lib/node_modules/npm/node_modules/npm-registry-client/lib/request.js:212:14)
211 silly fetchPackageMetaData     at Request.self.callback (/usr/local/lib/node_modules/npm/node_modules/request/request.js:186:22)
211 silly fetchPackageMetaData     at emitTwo (events.js:106:13)
211 silly fetchPackageMetaData     at Request.emit (events.js:194:7)
211 silly fetchPackageMetaData     at Request.<anonymous> (/usr/local/lib/node_modules/npm/node_modules/request/request.js:1081:10)
211 silly fetchPackageMetaData     at emitOne (events.js:96:13)
211 silly fetchPackageMetaData     at Request.emit (events.js:191:7)
211 silly fetchPackageMetaData     at IncomingMessage.<anonymous> (/usr/local/lib/node_modules/npm/node_modules/request/request.js:1001:12)
211 silly fetchPackageMetaData   pkgid: 'Microsoft.Extensions.Configuration.FileProviderExtensions',
211 silly fetchPackageMetaData   statusCode: 404,
211 silly fetchPackageMetaData   code: 'E404' }
212 http 404 https://registry.npmjs.org/Microsoft.AspNet.Cors
213 verbose headers { 'content-type': 'application/json',
213 verbose headers   'cache-control': 'max-age=0',
213 verbose headers   'content-length': '2',
213 verbose headers   'accept-ranges': 'bytes',
213 verbose headers   date: 'Sat, 15 Apr 2017 21:28:26 GMT',
213 verbose headers   via: '1.1 varnish',
213 verbose headers   age: '0',
213 verbose headers   connection: 'keep-alive',
213 verbose headers   'x-served-by': 'cache-mia1320-MIA',
213 verbose headers   'x-cache': 'MISS',
213 verbose headers   'x-cache-hits': '0',
213 verbose headers   'x-timer': 'S1492291706.119818,VS0,VE514',
213 verbose headers   vary: 'Accept-Encoding' }
214 silly get cb [ 404,
214 silly get   { 'content-type': 'application/json',
214 silly get     'cache-control': 'max-age=0',
214 silly get     'content-length': '2',
214 silly get     'accept-ranges': 'bytes',
214 silly get     date: 'Sat, 15 Apr 2017 21:28:26 GMT',
214 silly get     via: '1.1 varnish',
214 silly get     age: '0',
214 silly get     connection: 'keep-alive',
214 silly get     'x-served-by': 'cache-mia1320-MIA',
214 silly get     'x-cache': 'MISS',
214 silly get     'x-cache-hits': '0',
214 silly get     'x-timer': 'S1492291706.119818,VS0,VE514',
214 silly get     vary: 'Accept-Encoding' } ]
215 silly fetchPackageMetaData Error: Registry returned 404 for GET on https://registry.npmjs.org/Microsoft.AspNet.Cors
215 silly fetchPackageMetaData     at makeError (/usr/local/lib/node_modules/npm/node_modules/npm-registry-client/lib/request.js:304:12)
215 silly fetchPackageMetaData     at CachingRegistryClient.<anonymous> (/usr/local/lib/node_modules/npm/node_modules/npm-registry-client/lib/request.js:282:14)
215 silly fetchPackageMetaData     at Request._callback (/usr/local/lib/node_modules/npm/node_modules/npm-registry-client/lib/request.js:212:14)
215 silly fetchPackageMetaData     at Request.self.callback (/usr/local/lib/node_modules/npm/node_modules/request/request.js:186:22)
215 silly fetchPackageMetaData     at emitTwo (events.js:106:13)
215 silly fetchPackageMetaData     at Request.emit (events.js:194:7)
215 silly fetchPackageMetaData     at Request.<anonymous> (/usr/local/lib/node_modules/npm/node_modules/request/request.js:1081:10)
215 silly fetchPackageMetaData     at emitOne (events.js:96:13)
215 silly fetchPackageMetaData     at Request.emit (events.js:191:7)
215 silly fetchPackageMetaData     at IncomingMessage.<anonymous> (/usr/local/lib/node_modules/npm/node_modules/request/request.js:1001:12)
215 silly fetchPackageMetaData  error for Microsoft.AspNet.Cors@6.0.0-rc1-final { Error: Registry returned 404 for GET on https://registry.npmjs.org/Microsoft.AspNet.Cors
215 silly fetchPackageMetaData     at makeError (/usr/local/lib/node_modules/npm/node_modules/npm-registry-client/lib/request.js:304:12)
215 silly fetchPackageMetaData     at CachingRegistryClient.<anonymous> (/usr/local/lib/node_modules/npm/node_modules/npm-registry-client/lib/request.js:282:14)
215 silly fetchPackageMetaData     at Request._callback (/usr/local/lib/node_modules/npm/node_modules/npm-registry-client/lib/request.js:212:14)
215 silly fetchPackageMetaData     at Request.self.callback (/usr/local/lib/node_modules/npm/node_modules/request/request.js:186:22)
215 silly fetchPackageMetaData     at emitTwo (events.js:106:13)
215 silly fetchPackageMetaData     at Request.emit (events.js:194:7)
215 silly fetchPackageMetaData     at Request.<anonymous> (/usr/local/lib/node_modules/npm/node_modules/request/request.js:1081:10)
215 silly fetchPackageMetaData     at emitOne (events.js:96:13)
215 silly fetchPackageMetaData     at Request.emit (events.js:191:7)
215 silly fetchPackageMetaData     at IncomingMessage.<anonymous> (/usr/local/lib/node_modules/npm/node_modules/request/request.js:1001:12) pkgid: 'Microsoft.AspNet.Cors', statusCode: 404, code: 'E404' }
216 silly rollbackFailedOptional Starting
217 silly rollbackFailedOptional Finishing
218 silly runTopLevelLifecycles Finishing
219 silly install printInstalled
220 verbose stack Error: Registry returned 404 for GET on https://registry.npmjs.org/Microsoft.AspNet.IISPlatformHandler
220 verbose stack     at makeError (/usr/local/lib/node_modules/npm/node_modules/npm-registry-client/lib/request.js:304:12)
220 verbose stack     at CachingRegistryClient.<anonymous> (/usr/local/lib/node_modules/npm/node_modules/npm-registry-client/lib/request.js:282:14)
220 verbose stack     at Request._callback (/usr/local/lib/node_modules/npm/node_modules/npm-registry-client/lib/request.js:212:14)
220 verbose stack     at Request.self.callback (/usr/local/lib/node_modules/npm/node_modules/request/request.js:186:22)
220 verbose stack     at emitTwo (events.js:106:13)
220 verbose stack     at Request.emit (events.js:194:7)
220 verbose stack     at Request.<anonymous> (/usr/local/lib/node_modules/npm/node_modules/request/request.js:1081:10)
220 verbose stack     at emitOne (events.js:96:13)
220 verbose stack     at Request.emit (events.js:191:7)
220 verbose stack     at IncomingMessage.<anonymous> (/usr/local/lib/node_modules/npm/node_modules/request/request.js:1001:12)
221 verbose statusCode 404
222 verbose pkgid Microsoft.AspNet.IISPlatformHandler
223 verbose cwd /Users/wxs8239/dev/workspaces/SSO_CORE
224 error Darwin 16.5.0
225 error argv "/usr/local/bin/node" "/usr/local/bin/npm" "install"
226 error node v7.7.3
227 error npm  v4.1.2
228 error code E404
229 error 404 Registry returned 404 for GET on https://registry.npmjs.org/Microsoft.AspNet.IISPlatformHandler
230 error 404
231 error 404 'Microsoft.AspNet.IISPlatformHandler' is not in the npm registry.
232 error 404 Your package name is not valid, because
233 error 404 1. name can no longer contain capital letters
234 error 404 It was specified as a dependency of 'CORE-SSO'
235 error 404 Note that you can also install from a
236 error 404 tarball, folder, http url, or git url.
237 verbose exit [ 1, true ]
